Using pre-set license
Built from '6000.0/staging' branch; Version is '6000.0.23f1 (1c4764c07fb4) revision 1853284'; Using compiler version '193933523'; Build Type 'Release'
OS: 'Windows 10  (10.0.19045) 64bit Core' Language: 'en' Physical Memory: 16201 MB
BatchMode: 1, IsHumanControllingUs: 0, StartBugReporterOnCrash: 0, Is64bit: 1, IsPro: 1

COMMAND LINE ARGUMENTS:
D:\Software\Unity\6000.0.23f1\Editor\Unity.exe
-adb2
-batchMode
-noUpm
-name
AssetImportWorker0
-projectPath
D:/DTT/repos/BA_PointCloud/PointCloudRenderer
-logFile
Logs/AssetImportWorker0.log
-srvPort
49518
-job-worker-count
5
-background-job-worker-count
8
-asset-garbage-collectors
1
Successfully changed project path to: D:/DTT/repos/BA_PointCloud/PointCloudRenderer
D:/DTT/repos/BA_PointCloud/PointCloudRenderer
[UnityMemory] Configuration Parameters - Can be set up in boot.config
    "memorysetup-bucket-allocator-granularity=16"
    "memorysetup-bucket-allocator-bucket-count=8"
    "memorysetup-bucket-allocator-block-size=33554432"
    "memorysetup-bucket-allocator-block-count=8"
    "memorysetup-main-allocator-block-size=16777216"
    "memorysetup-thread-allocator-block-size=16777216"
    "memorysetup-gfx-main-allocator-block-size=16777216"
    "memorysetup-gfx-thread-allocator-block-size=16777216"
    "memorysetup-cache-allocator-block-size=4194304"
    "memorysetup-typetree-allocator-block-size=2097152"
    "memorysetup-profiler-bucket-allocator-granularity=16"
    "memorysetup-profiler-bucket-allocator-bucket-count=8"
    "memorysetup-profiler-bucket-allocator-block-size=33554432"
    "memorysetup-profiler-bucket-allocator-block-count=8"
    "memorysetup-profiler-allocator-block-size=16777216"
    "memorysetup-profiler-editor-allocator-block-size=1048576"
    "memorysetup-temp-allocator-size-main=16777216"
    "memorysetup-job-temp-allocator-block-size=2097152"
    "memorysetup-job-temp-allocator-block-size-background=1048576"
    "memorysetup-job-temp-allocator-reduction-small-platforms=262144"
    "memorysetup-allocator-temp-initial-block-size-main=262144"
    "memorysetup-allocator-temp-initial-block-size-worker=262144"
    "memorysetup-temp-allocator-size-background-worker=32768"
    "memorysetup-temp-allocator-size-job-worker=262144"
    "memorysetup-temp-allocator-size-preload-manager=33554432"
    "memorysetup-temp-allocator-size-nav-mesh-worker=65536"
    "memorysetup-temp-allocator-size-audio-worker=65536"
    "memorysetup-temp-allocator-size-cloud-worker=32768"
    "memorysetup-temp-allocator-size-gi-baking-worker=262144"
    "memorysetup-temp-allocator-size-gi-baking-worker=262144"
    "memorysetup-temp-allocator-size-gi-baking-worker=262144"
    "memorysetup-temp-allocator-size-gi-baking-worker=262144"
    "memorysetup-temp-allocator-size-gi-baking-worker=262144"
    "memorysetup-temp-allocator-size-gfx=262144"
Player connection [23876]  Target information:

Player connection [23876]  * "[IP] 172.24.8.139 [Port] 0 [Flags] 2 [Guid] 3367095710 [EditorId] 3367095710 [Version] 1048832 [Id] WindowsEditor(7,MSI-GP66) [Debug] 1 [PackageName] WindowsEditor [ProjectName] Editor" 

Player connection [23876]  * "[IP] 192.168.1.133 [Port] 0 [Flags] 2 [Guid] 3367095710 [EditorId] 3367095710 [Version] 1048832 [Id] WindowsEditor(7,MSI-GP66) [Debug] 1 [PackageName] WindowsEditor [ProjectName] Editor" 

Player connection [23876] Host joined multi-casting on [225.0.0.222:54997]...
Player connection [23876] Host joined alternative multi-casting on [225.0.0.222:34997]...
JobSystem: Creating JobQueue using job-worker-count value 5
[Physics::Module] Initialized fallback backend.
[Physics::Module] Id: 0xdecafbad
Library Redirect Path: Library/
[Physics::Module] Selected backend.
[Physics::Module] Name: PhysX
[Physics::Module] Id: 0xf2b8ea05
[Physics::Module] SDK Version: 4.1.2
[Physics::Module] Integration Version: 1.0.0
[Physics::Module] Threading Mode: Multi-Threaded
Refreshing native plugins compatible for Editor in 137.65 ms, found 2 plugins.
Preloading 0 native plugins for Editor in 0.00 ms.
Initialize engine version: 6000.0.23f1 (1c4764c07fb4)
[Subsystems] Discovering subsystems at path D:/Software/Unity/6000.0.23f1/Editor/Data/Resources/UnitySubsystems
[Subsystems] Discovering subsystems at path D:/DTT/repos/BA_PointCloud/PointCloudRenderer/Assets
GfxDevice: creating device client; kGfxThreadingModeNonThreaded
Direct3D:
    Version:  Direct3D 11.0 [level 11.1]
    Renderer: NVIDIA GeForce RTX 3060 Laptop GPU (ID=0x2520)
    Vendor:   NVIDIA
    VRAM:     5996 MB
    Driver:   32.0.15.6590
Initialize mono
Mono path[0] = 'D:/Software/Unity/6000.0.23f1/Editor/Data/Managed'
Mono path[1] = 'D:/Software/Unity/6000.0.23f1/Editor/Data/MonoBleedingEdge/lib/mono/unityjit-win32'
Mono config path = 'D:/Software/Unity/6000.0.23f1/Editor/Data/MonoBleedingEdge/etc'
Using monoOptions --debugger-agent=transport=dt_socket,embedding=1,server=y,suspend=n,address=127.0.0.1:56304
Begin MonoManager ReloadAssembly
Registering precompiled unity dll's ...
Register platform support module: D:/Software/Unity/6000.0.23f1/Editor/Data/PlaybackEngines/WebGLSupport/UnityEditor.WebGL.Extensions.dll
Register platform support module: D:/Software/Unity/6000.0.23f1/Editor/Data/PlaybackEngines/WindowsStandaloneSupport/UnityEditor.WindowsStandalone.Extensions.dll
Registered in 0.003637 seconds.
- Loaded All Assemblies, in  1.671 seconds
Native extension for WindowsStandalone target not found
Native extension for WebGL target not found
Mono: successfully reloaded assembly
- Finished resetting the current domain, in  0.697 seconds
Domain Reload Profiling: 2368ms
	BeginReloadAssembly (614ms)
		ExecutionOrderSort (0ms)
		DisableScriptedObjects (0ms)
		BackupInstance (0ms)
		ReleaseScriptingObjects (0ms)
		CreateAndSetChildDomain (1ms)
	RebuildCommonClasses (46ms)
	RebuildNativeTypeToScriptingClass (15ms)
	initialDomainReloadingComplete (61ms)
	LoadAllAssembliesAndSetupDomain (934ms)
		LoadAssemblies (614ms)
		RebuildTransferFunctionScriptingTraits (0ms)
		AnalyzeDomain (930ms)
			TypeCache.Refresh (929ms)
				TypeCache.ScanAssembly (914ms)
			BuildScriptInfoCaches (0ms)
			ResolveRequiredComponents (1ms)
	FinalizeReload (697ms)
		ReleaseScriptCaches (0ms)
		RebuildScriptCaches (0ms)
		SetupLoadedEditorAssemblies (657ms)
			LogAssemblyErrors (0ms)
			InitializePlatformSupportModulesInManaged (33ms)
			SetLoadedEditorAssemblies (6ms)
			BeforeProcessingInitializeOnLoad (7ms)
			ProcessInitializeOnLoadAttributes (325ms)
			ProcessInitializeOnLoadMethodAttributes (282ms)
			AfterProcessingInitializeOnLoad (3ms)
			EditorAssembliesLoaded (0ms)
		ExecutionOrderSort2 (0ms)
		AwakeInstancesAfterBackupRestoration (0ms)
========================================================================
Worker process is ready to serve import requests
Import Worker Mode flag is 0x00
Begin MonoManager ReloadAssembly
- Loaded All Assemblies, in 12.919 seconds
Refreshing native plugins compatible for Editor in 0.77 ms, found 2 plugins.
Native extension for WindowsStandalone target not found
Native extension for WebGL target not found
Mono: successfully reloaded assembly
- Finished resetting the current domain, in  1.197 seconds
Domain Reload Profiling: 14115ms
	BeginReloadAssembly (1990ms)
		ExecutionOrderSort (0ms)
		DisableScriptedObjects (8ms)
		BackupInstance (0ms)
		ReleaseScriptingObjects (0ms)
		CreateAndSetChildDomain (79ms)
	RebuildCommonClasses (130ms)
	RebuildNativeTypeToScriptingClass (37ms)
	initialDomainReloadingComplete (164ms)
	LoadAllAssembliesAndSetupDomain (10597ms)
		LoadAssemblies (10513ms)
		RebuildTransferFunctionScriptingTraits (0ms)
		AnalyzeDomain (375ms)
			TypeCache.Refresh (170ms)
				TypeCache.ScanAssembly (86ms)
			BuildScriptInfoCaches (196ms)
			ResolveRequiredComponents (5ms)
	FinalizeReload (1197ms)
		ReleaseScriptCaches (0ms)
		RebuildScriptCaches (0ms)
		SetupLoadedEditorAssemblies (979ms)
			LogAssemblyErrors (0ms)
			InitializePlatformSupportModulesInManaged (3ms)
			SetLoadedEditorAssemblies (5ms)
			BeforeProcessingInitializeOnLoad (60ms)
			ProcessInitializeOnLoadAttributes (862ms)
			ProcessInitializeOnLoadMethodAttributes (42ms)
			AfterProcessingInitializeOnLoad (7ms)
			EditorAssembliesLoaded (0ms)
		ExecutionOrderSort2 (0ms)
		AwakeInstancesAfterBackupRestoration (6ms)
Launched and connected shader compiler UnityShaderCompiler.exe after 0.09 seconds
Refreshing native plugins compatible for Editor in 0.51 ms, found 2 plugins.
Preloading 0 native plugins for Editor in 0.00 ms.
Unloading 18 Unused Serialized files (Serialized files now loaded: 0)
Unloading 1800 unused Assets / (0.8 MB). Loaded Objects now: 2402.
Memory consumption went from 98.2 MB to 97.4 MB.
Total: 8.309900 ms (FindLiveObjects: 0.253300 ms CreateObjectMapping: 0.251800 ms MarkObjects: 6.857500 ms  DeleteObjects: 0.945700 ms)

========================================================================
Received Prepare
Begin MonoManager ReloadAssembly
- Loaded All Assemblies, in  3.411 seconds
Refreshing native plugins compatible for Editor in 0.69 ms, found 2 plugins.
Native extension for WindowsStandalone target not found
Native extension for WebGL target not found
Mono: successfully reloaded assembly
- Finished resetting the current domain, in  1.527 seconds
Domain Reload Profiling: 4942ms
	BeginReloadAssembly (1432ms)
		ExecutionOrderSort (0ms)
		DisableScriptedObjects (223ms)
		BackupInstance (0ms)
		ReleaseScriptingObjects (2ms)
		CreateAndSetChildDomain (433ms)
	RebuildCommonClasses (69ms)
	RebuildNativeTypeToScriptingClass (22ms)
	initialDomainReloadingComplete (49ms)
	LoadAllAssembliesAndSetupDomain (1842ms)
		LoadAssemblies (1995ms)
		RebuildTransferFunctionScriptingTraits (0ms)
		AnalyzeDomain (287ms)
			TypeCache.Refresh (39ms)
				TypeCache.ScanAssembly (0ms)
			BuildScriptInfoCaches (233ms)
			ResolveRequiredComponents (5ms)
	FinalizeReload (1528ms)
		ReleaseScriptCaches (0ms)
		RebuildScriptCaches (0ms)
		SetupLoadedEditorAssemblies (1201ms)
			LogAssemblyErrors (0ms)
			InitializePlatformSupportModulesInManaged (5ms)
			SetLoadedEditorAssemblies (9ms)
			BeforeProcessingInitializeOnLoad (97ms)
			ProcessInitializeOnLoadAttributes (1034ms)
			ProcessInitializeOnLoadMethodAttributes (47ms)
			AfterProcessingInitializeOnLoad (10ms)
			EditorAssembliesLoaded (0ms)
		ExecutionOrderSort2 (0ms)
		AwakeInstancesAfterBackupRestoration (8ms)
Refreshing native plugins compatible for Editor in 5.40 ms, found 2 plugins.
Preloading 0 native plugins for Editor in 0.00 ms.
Unloading 0 Unused Serialized files (Serialized files now loaded: 0)
Unloading 1798 unused Assets / (326.0 KB). Loaded Objects now: 2402.
Memory consumption went from 95.4 MB to 95.1 MB.
Total: 10.068900 ms (FindLiveObjects: 0.240600 ms CreateObjectMapping: 0.200700 ms MarkObjects: 8.880800 ms  DeleteObjects: 0.744500 ms)

Prepare: number of updated asset objects reloaded= 0
========================================================================
Received Prepare
Refreshing native plugins compatible for Editor in 0.80 ms, found 2 plugins.
Preloading 0 native plugins for Editor in 0.00 ms.
Unloading 0 Unused Serialized files (Serialized files now loaded: 0)
Unloading 1801 unused Assets / (500.9 KB). Loaded Objects now: 2410.
Memory consumption went from 95.6 MB to 95.2 MB.
Total: 356.509300 ms (FindLiveObjects: 14.245400 ms CreateObjectMapping: 0.228900 ms MarkObjects: 340.768800 ms  DeleteObjects: 1.264200 ms)

Prepare: number of updated asset objects reloaded= 0
========================================================================
Received Import Request.
  Time since last request: 39673.508038 seconds.
  path: Assets/Scripts/BAPointCloudRenderer/DataStructures
  artifactKey: Guid(5f9bee7618df3454080a60bfa3c77c4e) Importer(815301076,1909f56bfc062723c751e8b465ee728b)
Start importing Assets/Scripts/BAPointCloudRenderer/DataStructures using Guid(5f9bee7618df3454080a60bfa3c77c4e) Importer(815301076,1909f56bfc062723c751e8b465ee728b) (PreviewImporter) -> (artifact id: 'c3a58ae35ab80fd3ff6c367209d6f998') in 0.1328673 seconds
Number of updated asset objects reloaded before import = 0Number of asset objects unloaded after import = 0

========================================================================
Received Prepare
Refreshing native plugins compatible for Editor in 13.31 ms, found 2 plugins.
Preloading 0 native plugins for Editor in 0.00 ms.
Unloading 0 Unused Serialized files (Serialized files now loaded: 0)
Unloading 1802 unused Assets / (432.7 KB). Loaded Objects now: 2413.
Memory consumption went from 96.2 MB to 95.8 MB.
Total: 9.040000 ms (FindLiveObjects: 0.275700 ms CreateObjectMapping: 0.447100 ms MarkObjects: 7.623500 ms  DeleteObjects: 0.692800 ms)

Prepare: number of updated asset objects reloaded= 0
========================================================================
Received Prepare
Refreshing native plugins compatible for Editor in 0.90 ms, found 2 plugins.
Preloading 0 native plugins for Editor in 0.00 ms.
Unloading 0 Unused Serialized files (Serialized files now loaded: 0)
Unloading 1802 unused Assets / (360.0 KB). Loaded Objects now: 2413.
Memory consumption went from 96.2 MB to 95.9 MB.
Total: 13.675400 ms (FindLiveObjects: 0.246600 ms CreateObjectMapping: 0.194500 ms MarkObjects: 12.794000 ms  DeleteObjects: 0.438800 ms)

Prepare: number of updated asset objects reloaded= 0
========================================================================
Received Prepare
Refreshing native plugins compatible for Editor in 0.45 ms, found 2 plugins.
Preloading 0 native plugins for Editor in 0.00 ms.
Unloading 0 Unused Serialized files (Serialized files now loaded: 0)
Unloading 1802 unused Assets / (462.9 KB). Loaded Objects now: 2413.
Memory consumption went from 96.2 MB to 95.8 MB.
Total: 6.073500 ms (FindLiveObjects: 0.234000 ms CreateObjectMapping: 0.221300 ms MarkObjects: 5.115100 ms  DeleteObjects: 0.502000 ms)

Prepare: number of updated asset objects reloaded= 0
========================================================================
Received Prepare
Refreshing native plugins compatible for Editor in 0.71 ms, found 2 plugins.
Preloading 0 native plugins for Editor in 0.00 ms.
Unloading 0 Unused Serialized files (Serialized files now loaded: 0)
Unloading 1802 unused Assets / (433.6 KB). Loaded Objects now: 2413.
Memory consumption went from 96.2 MB to 95.8 MB.
Total: 11.180000 ms (FindLiveObjects: 0.319600 ms CreateObjectMapping: 0.655900 ms MarkObjects: 9.290400 ms  DeleteObjects: 0.911800 ms)

Prepare: number of updated asset objects reloaded= 0
========================================================================
Received Import Request.
  Time since last request: 781.564654 seconds.
  path: Assets/Scripts
  artifactKey: Guid(f0041d588232e98408a175ae0735bb9b) Importer(815301076,1909f56bfc062723c751e8b465ee728b)
Start importing Assets/Scripts using Guid(f0041d588232e98408a175ae0735bb9b) Importer(815301076,1909f56bfc062723c751e8b465ee728b) (PreviewImporter) -> (artifact id: '62989907e5e45480b68ac2a4eb7c93ee') in 0.0144618 seconds
Number of updated asset objects reloaded before import = 0Number of asset objects unloaded after import = 0

========================================================================
Received Import Request.
  Time since last request: 3.824979 seconds.
  path: Assets/Scenes/DynamicDemo.unity
  artifactKey: Guid(d21af4eb255507747bb87501eaa03f7d) Importer(815301076,1909f56bfc062723c751e8b465ee728b)
Start importing Assets/Scenes/DynamicDemo.unity using Guid(d21af4eb255507747bb87501eaa03f7d) Importer(815301076,1909f56bfc062723c751e8b465ee728b) (PreviewImporter) -> (artifact id: 'a9b71e0dc6ec4e9c38dece2a4dcdd6d1') in 0.0005702 seconds
Number of updated asset objects reloaded before import = 0Number of asset objects unloaded after import = 0

========================================================================
Received Import Request.
  Time since last request: 1.185112 seconds.
  path: Assets/Scenes/BigSceneDemo.unity
  artifactKey: Guid(df6784648a802c04f8355b8aafc5be7c) Importer(815301076,1909f56bfc062723c751e8b465ee728b)
Start importing Assets/Scenes/BigSceneDemo.unity using Guid(df6784648a802c04f8355b8aafc5be7c) Importer(815301076,1909f56bfc062723c751e8b465ee728b) (PreviewImporter) -> (artifact id: '036efdc24b9006354934a5307749f3a0') in 0.0005519 seconds
Number of updated asset objects reloaded before import = 0Number of asset objects unloaded after import = 0

========================================================================
Received Prepare
Refreshing native plugins compatible for Editor in 0.50 ms, found 2 plugins.
Preloading 0 native plugins for Editor in 0.00 ms.
Unloading 0 Unused Serialized files (Serialized files now loaded: 0)
Unloading 1802 unused Assets / (290.1 KB). Loaded Objects now: 2413.
Memory consumption went from 96.2 MB to 95.9 MB.
Total: 6.675200 ms (FindLiveObjects: 0.261800 ms CreateObjectMapping: 0.177600 ms MarkObjects: 5.788300 ms  DeleteObjects: 0.445800 ms)

Prepare: number of updated asset objects reloaded= 0
========================================================================
Received Prepare
Refreshing native plugins compatible for Editor in 0.42 ms, found 2 plugins.
Preloading 0 native plugins for Editor in 0.00 ms.
Unloading 0 Unused Serialized files (Serialized files now loaded: 0)
Unloading 1802 unused Assets / (483.2 KB). Loaded Objects now: 2413.
Memory consumption went from 96.2 MB to 95.7 MB.
Total: 6.235900 ms (FindLiveObjects: 0.282100 ms CreateObjectMapping: 0.168500 ms MarkObjects: 5.251600 ms  DeleteObjects: 0.532700 ms)

Prepare: number of updated asset objects reloaded= 0
========================================================================
Received Prepare
Refreshing native plugins compatible for Editor in 0.85 ms, found 2 plugins.
Preloading 0 native plugins for Editor in 0.00 ms.
Unloading 0 Unused Serialized files (Serialized files now loaded: 0)
Unloading 1802 unused Assets / (460.1 KB). Loaded Objects now: 2413.
Memory consumption went from 96.2 MB to 95.8 MB.
Total: 6.054000 ms (FindLiveObjects: 0.260600 ms CreateObjectMapping: 0.177300 ms MarkObjects: 5.164500 ms  DeleteObjects: 0.450400 ms)

Prepare: number of updated asset objects reloaded= 0
========================================================================
Received Prepare
Refreshing native plugins compatible for Editor in 0.58 ms, found 2 plugins.
Preloading 0 native plugins for Editor in 0.00 ms.
Unloading 0 Unused Serialized files (Serialized files now loaded: 0)
Unloading 1802 unused Assets / (477.5 KB). Loaded Objects now: 2413.
Memory consumption went from 96.2 MB to 95.8 MB.
Total: 6.032200 ms (FindLiveObjects: 0.333400 ms CreateObjectMapping: 0.201200 ms MarkObjects: 5.005000 ms  DeleteObjects: 0.491500 ms)

Prepare: number of updated asset objects reloaded= 0
========================================================================
Received Prepare
Refreshing native plugins compatible for Editor in 0.42 ms, found 2 plugins.
Preloading 0 native plugins for Editor in 0.00 ms.
Unloading 0 Unused Serialized files (Serialized files now loaded: 0)
Unloading 1802 unused Assets / (391.8 KB). Loaded Objects now: 2413.
Memory consumption went from 96.2 MB to 95.8 MB.
Total: 5.403300 ms (FindLiveObjects: 0.210900 ms CreateObjectMapping: 0.147300 ms MarkObjects: 4.551400 ms  DeleteObjects: 0.492700 ms)

Prepare: number of updated asset objects reloaded= 0
========================================================================
Received Prepare
Refreshing native plugins compatible for Editor in 0.45 ms, found 2 plugins.
Preloading 0 native plugins for Editor in 0.00 ms.
Unloading 0 Unused Serialized files (Serialized files now loaded: 0)
Unloading 1802 unused Assets / (429.4 KB). Loaded Objects now: 2413.
Memory consumption went from 96.2 MB to 95.8 MB.
Total: 5.963900 ms (FindLiveObjects: 0.237500 ms CreateObjectMapping: 0.247200 ms MarkObjects: 4.998200 ms  DeleteObjects: 0.479700 ms)

Prepare: number of updated asset objects reloaded= 0
========================================================================
Received Prepare
Refreshing native plugins compatible for Editor in 0.63 ms, found 2 plugins.
Preloading 0 native plugins for Editor in 0.00 ms.
Unloading 0 Unused Serialized files (Serialized files now loaded: 0)
Unloading 1802 unused Assets / (0.6 MB). Loaded Objects now: 2413.
Memory consumption went from 96.2 MB to 95.6 MB.
Total: 7.393400 ms (FindLiveObjects: 0.377700 ms CreateObjectMapping: 0.306000 ms MarkObjects: 5.894300 ms  DeleteObjects: 0.813700 ms)

Prepare: number of updated asset objects reloaded= 0
========================================================================
Received Prepare
Refreshing native plugins compatible for Editor in 0.61 ms, found 2 plugins.
Preloading 0 native plugins for Editor in 0.00 ms.
Unloading 0 Unused Serialized files (Serialized files now loaded: 0)
Unloading 1802 unused Assets / (497.6 KB). Loaded Objects now: 2413.
Memory consumption went from 96.2 MB to 95.7 MB.
Total: 10.930600 ms (FindLiveObjects: 0.285900 ms CreateObjectMapping: 0.205300 ms MarkObjects: 9.263600 ms  DeleteObjects: 1.173600 ms)

Prepare: number of updated asset objects reloaded= 0
========================================================================
Received Prepare
Refreshing native plugins compatible for Editor in 0.52 ms, found 2 plugins.
Preloading 0 native plugins for Editor in 0.00 ms.
Unloading 0 Unused Serialized files (Serialized files now loaded: 0)
Unloading 1802 unused Assets / (461.9 KB). Loaded Objects now: 2413.
Memory consumption went from 96.2 MB to 95.8 MB.
Total: 6.934100 ms (FindLiveObjects: 0.254300 ms CreateObjectMapping: 0.173800 ms MarkObjects: 6.033200 ms  DeleteObjects: 0.471700 ms)

Prepare: number of updated asset objects reloaded= 0
========================================================================
Received Prepare
Refreshing native plugins compatible for Editor in 0.48 ms, found 2 plugins.
Preloading 0 native plugins for Editor in 0.00 ms.
Unloading 0 Unused Serialized files (Serialized files now loaded: 0)
Unloading 1802 unused Assets / (384.4 KB). Loaded Objects now: 2413.
Memory consumption went from 96.2 MB to 95.8 MB.
Total: 5.965300 ms (FindLiveObjects: 0.239900 ms CreateObjectMapping: 0.159500 ms MarkObjects: 5.120700 ms  DeleteObjects: 0.444300 ms)

Prepare: number of updated asset objects reloaded= 0
========================================================================
Received Import Request.
  Time since last request: 736.698006 seconds.
  path: Assets/Scripts/BAPointCloudRenderer/CloudController/AbstractPointCloudSet.cs
  artifactKey: Guid(f68637d89f273c54592e5397f56da938) Importer(815301076,1909f56bfc062723c751e8b465ee728b)
Start importing Assets/Scripts/BAPointCloudRenderer/CloudController/AbstractPointCloudSet.cs using Guid(f68637d89f273c54592e5397f56da938) Importer(815301076,1909f56bfc062723c751e8b465ee728b) (PreviewImporter) -> (artifact id: 'c30cc2aa75c1b73a410406d7c773c32f') in 0.0102661 seconds
Number of updated asset objects reloaded before import = 0Number of asset objects unloaded after import = 0

